- [OUTPUT] ft_printf("%.09s", NULL)
   expected: "(null)"
   actual:   "null"

- [OUTPUT] ft_printf("%10.5i", -216)
   expected: "    -00216"
   actual:   "     -00216"

- [OUTPUT] ft_printf("%8.3i", -8473)
   expected: "   -8473"
   actual:   "    -8473"

- [OUTPUT] ft_printf("%010.5i", -216)
   expected: "    -00216"
   actual:   "     -00216"

- [OUTPUT] ft_printf("%08.3i", -8473)
   expected: "   -8473"
   actual:   "    -8473"

- [OUTPUT] ft_printf("%10.5d", -216)
   expected: "    -00216"
   actual:   "     -00216"

- [OUTPUT] ft_printf("%8.3d", -8473)
   expected: "   -8473"
   actual:   "    -8473"

- [OUTPUT] ft_printf("%010.5d", -216)
   expected: "    -00216"
   actual:   "     -00216"

- [OUTPUT] ft_printf("%08.3d", -8473)
   expected: "   -8473"
   actual:   "    -8473"

- [OUTPUT] ft_printf("%5.0x", 0)
   expected: "     "
   actual:   "    "

- [OUTPUT] ft_printf("%5.x", 0)
   expected: "     "
   actual:   "    "

- [OUTPUT] ft_printf("%5.0x", 0)
   expected: "     "
   actual:   "    "

- [OUTPUT] ft_printf("%5.x", 0)
   expected: "     "
   actual:   "    "

- [OUTPUT] ft_printf("%5.0X", 0)
   expected: "     "
   actual:   "    "

- [OUTPUT] ft_printf("%5.X", 0)
   expected: "     "
   actual:   "    "

- [OUTPUT] ft_printf("%15.4d", -42)
   expected: "          -0042"
   actual:   "           -0042"

- [OUTPUT] ft_printf("%15.4d", -424242)
   expected: "        -424242"
   actual:   "         -424242"

- [OUTPUT] ft_printf("p3 %.4s\n", NULL)
   expected: "p3 \n"
   actual:   "p3 "

- [OUTPUT] ft_printf("%20u", -1024u)
   expected: "          4294966272"
   actual:   "4294966272"

- [OUTPUT] ft_printf("%-20u", -1024u)
   expected: "4294966272          "
   actual:   "-1024               "

- [OUTPUT] ft_printf("%020u", -1024u)
   expected: "00000000004294966272"
   actual:   "4294966272"

- [OUTPUT] ft_printf("%.20u", -1024u)
   expected: "00000000004294966272"
   actual:   "-1024"

- [OUTPUT] ft_printf("%20.5d", -1024)
   expected: "              -01024"
   actual:   "               -01024"

- [OUTPUT] ft_printf("%20.5i", -1024)
   expected: "              -01024"
   actual:   "               -01024"

- [OUTPUT] ft_printf("%20.5u", -1024u)
   expected: "          4294966272"
   actual:   "-1024"

- [OUTPUT] ft_printf("%020.5d", -1024)
   expected: "              -01024"
   actual:   "               -01024"

- [OUTPUT] ft_printf("%020.5i", -1024)
   expected: "              -01024"
   actual:   "               -01024"

- [OUTPUT] ft_printf("%020.5u", -1024u)
   expected: "          4294966272"
   actual:   "-1024"

- [OUTPUT] ft_printf("%20.d", -1024)
   expected: "               -1024"
   actual:   "                -1024"

- [OUTPUT] ft_printf("%20.i", -1024)
   expected: "               -1024"
   actual:   "                -1024"

- [OUTPUT] ft_printf("%20.0u", -1024u)
   expected: "          4294966272"
   actual:   "-1024"

- [OUTPUT] ft_printf("%20.x", 0u)
   expected: "                    "
   actual:   "                   "

- [OUTPUT] ft_printf("%20.X", 0u)
   expected: "                    "
   actual:   "                   "

- [OUTPUT] ft_printf("%-163.23u%-68.0X" ,3421138903u,514939578u)
   expected: "00000000000003421138903                                                                                                                                            1EB15ABA                                                            "
   actual:   "000-873828393                                                                                                                                                      1EB15ABA                                                            "

- [OUTPUT] ft_printf("%052.88i%-87.137u%--81.25X%26c%--198.131i" ,1348141248,2480967409u,3367743035u,96,340172724)
   expected: "00000000000000000000000000000000000000000000000000000000000000000000000000000013481412480000000000000000000000000000000000000000000000000000000000000000000000000000000000000000000000000000000000000000000000000000000248096740900000000000000000C8BBAE3B                                                                                 `00000000000000000000000000000000000000000000000000000000000000000000000000000000000000000000000000000000000000000000000000340172724                                                                   "
   actual:   "0000000000000000000000000000000000000000000000000000000000000000000000000000001348141248000000000000000000000000000000000000000000000000000000000000000000000000000000000000000000000000000000000000000000000-181399988700000000000000000C8BBAE3B                                                                                 `00000000000000000000000000000000000000000000000000000000000000000000000000000000000000000000000000000000000000000000000000340172724                                                                   "

- [OUTPUT] ft_printf("%-77.96u%-135.50d%-%%061.149u%-122.96u" ,735543458u,1423566439,3134965784u,2213547867u)
   expected: "00000000000000000000000000000000000000000000000000000000000000000000000000000000000000073554345800000000000000000000000000000000000000001423566439                                                                                     %00000000000000000000000000000000000000000000000000000000000000000000000000000000000000000000000000000000000000000000000000000000000000000003134965784000000000000000000000000000000000000000000000000000000000000000000000000000000000000002213547867                          "
   actual:   "00000000000000000000000000000000000000000000000000000000000000000000000000000000000000073554345800000000000000000000000000000000000000001423566439                                                                                     %000000000000000000000000000000000000000000000000000000000000000000000000000000000000000000000000000000000000000000000000000000000-11600015120000000000000000000000000000000000000000000000000000000000000000000000000000-2081419429                                   "

- [OUTPUT] ft_printf("%--133.48i%-103.188u%0003.72X" ,1341200964,3945708301u,3224169818u)
   expected: "000000000000000000000000000000000000001341200964                                                                                     000000000000000000000000000000000000000000000000000000000000000000000000000000000000000000000000000000000000000000000000000000000000000000000000000000000000000000000000000000000039457083010000000000000000000000000000000000000000000000000000000000000000C02CED5A"
   actual:   "000000000000000000000000000000000000001341200964                                                                                     000000000000000000000000000000000000000000000000000000000000000000000000000000000000000000000000000000000000000000000000000000000000000000000000000000000000000000000000-3492589950000000000000000000000000000000000000000000000000000000000000000C02CED5A"

- [OUTPUT] ft_printf("%-9.53X%-59c%0110.72x%0019.4d" ,2443914393u,110,1020946345u,-1518145014)
   expected: "00000000000000000000000000000000000000000000091AB2C99n                                                                                                00000000000000000000000000000000000000000000000000000000000000003cda67a9        -1518145014"
   actual:   "00000000000000000000000000000000000000000000091AB2C99n                                                                                                00000000000000000000000000000000000000000000000000000000000000003cda67a9         -1518145014"

- [OUTPUT] ft_printf("%-132.91u" ,2815174969u)
   expected: "0000000000000000000000000000000000000000000000000000000000000000000000000000000002815174969                                         "
   actual:   "00000000000000000000000000000000000000000000000000000000000000000000000-1479792327                                                  "

- [OUTPUT] ft_printf("%090.196X%0197.108d" ,905350113u,-1350090454)
   expected: "0000000000000000000000000000000000000000000000000000000000000000000000000000000000000000000000000000000000000000000000000000000000000000000000000000000000000000000000000000000000000000000035F68BE1                                                                                        -000000000000000000000000000000000000000000000000000000000000000000000000000000000000000000000000001350090454"
   actual:   "0000000000000000000000000000000000000000000000000000000000000000000000000000000000000000000000000000000000000000000000000000000000000000000000000000000000000000000000000000000000000000000035F68BE1                                                                                         -000000000000000000000000000000000000000000000000000000000000000000000000000000000000000000000000001350090454"

- [OUTPUT] ft_printf("%-110.138d%-%%0143.148u" ,2134772362,2739210354u)
   expected: "000000000000000000000000000000000000000000000000000000000000000000000000000000000000000000000000000000000000000000000000000000002134772362%0000000000000000000000000000000000000000000000000000000000000000000000000000000000000000000000000000000000000000000000000000000000000000002739210354"
   actual:   "000000000000000000000000000000000000000000000000000000000000000000000000000000000000000000000000000000000000000000000000000000002134772362%00000000000000000000000000000000000000000000000000000000000000000000000000000000000000000000000000000000000000000000000000000000-1555756942"

- [OUTPUT] ft_printf("%06.38i%-168.40X%0074.18d%-158p" ,514862160,1406013807u,-595638242,(void*)15381379978655233653lu)
   expected: "000000000000000000000000000005148621600000000000000000000000000000000053CE116F                                                                                                                                                                                       -0000000005956382420xd575a398b70cf675                                                                                                                                            "
   actual:   "000000000000000000000000000005148621600000000000000000000000000000000053CE116F                                                                                                                                                                                        -0000000005956382420xd575a398b70cf675                                                                                                                                            "

- [OUTPUT] ft_printf("%197c%12p%013.i%--147.185x%-1c" ,7,(void*)18229185041105221837lu,-1488496170,703835510u,120)
   expected: "                                                                                                                                                                                                    0xfcfb133667f0f8cd  -148849617000000000000000000000000000000000000000000000000000000000000000000000000000000000000000000000000000000000000000000000000000000000000000000000000000000000000000000000000000000000029f3ad76x\07"
   actual:   "                                                                                                                                                                                                    0xfcfb133667f0f8cd   -148849617000000000000000000000000000000000000000000000000000000000000000000000000000000000000000000000000000000000000000000000000000000000000000000000000000000000000000000000000000000000029f3ad76x\07"

- [OUTPUT] ft_printf("%-52c%---163c%0%%050.35u" ,-60,-30,3953001178u)
   expected: "                                                                                                                                                                                                                     %               00000000000000000000000003953001178\c4\e2"
   actual:   "                                                                                                                                                                                                                     %               000000000000000-341966118\c4\e2"

- [OUTPUT] ft_printf("%34c%--142.160x%--10.37i%--94.58u%-157c" ,62,639732752u,-1818745559,2508057613u,100)
   expected: "                                 >0000000000000000000000000000000000000000000000000000000000000000000000000000000000000000000000000000000000000000000000000000000000000000000000000000000026218c10-00000000000000000000000000018187455590000000000000000000000000000000000000000000000002508057613                                    d                                                                                                                                                            "
   actual:   "                                 >0000000000000000000000000000000000000000000000000000000000000000000000000000000000000000000000000000000000000000000000000000000000000000000000000000000026218c10-000000000000000000000000000181874555900000000000000000000000000000000000000-1786909683                                             d                                                                                                                                                            "

- [OUTPUT] ft_printf("%121.64s%-3p%13.163s%-121.90u%00120.46u" ,"'^rPh{8S9)<x)F~vD@$)\nkT}bA-\\",(void*)2235944964447641287lu,"g$5|Xl'wi?..wz#\\s&$HNI[,stq~E",2648867901u,3988920245u)
   expected: "                                                                                             '^rPh{8S9)<x)F~vD@$)kT}bA-\0x1f07ac193f399ec7g$5|Xl'wi?..wz#\s&$HNI[,stq~E000000000000000000000000000000000000000000000000000000000000000000000000000000002648867901                                                                                                         0000000000000000000000000000000000003988920245\n"
   actual:   "                                                                                             '^rPh{8S9)<x)F~vD@$)kT}bA-\0x1f07ac193f399ec7g$5|Xl'wi?..wz#\s&$HNI[,stq~E0000000000000000000000000000000000000000000000000000000000000000000000-1646099395                                                                                                                  00000000000000000000000000-306047051\n"

- [OUTPUT] ft_printf("%-13.177s%0190.186x%0111.11d%-94.27X" ,"EWm?S`Z.ZHC2&K&\r@\\+",2398140703u,-90107139,3852798010u)
   expected: "EWm?S`Z.ZHC2&K&@\+    00000000000000000000000000000000000000000000000000000000000000000000000000000000000000000000000000000000000000000000000000000000000000000000000000000000000000000000000000000000008ef0b91f                                                                                                   -000901071390000000000000000000E5A5083A                                                                   \r"
   actual:   "EWm?S`Z.ZHC2&K&@\+    00000000000000000000000000000000000000000000000000000000000000000000000000000000000000000000000000000000000000000000000000000000000000000000000000000000000000000000000000000000008ef0b91f                                                                                                    -000901071390000000000000000000E5A5083A                                                                   \r"

- [OUTPUT] ft_printf("%--25.139X%---188.17u" ,1499406941u,3497438253u)
   expected: "00000000000000000000000000000000000000000000000000000000000000000000000000000000000000000000000000000000000000000000000000000000000595F225D00000003497438253                                                                                                                                                                           "
   actual:   "00000000000000000000000000000000000000000000000000000000000000000000000000000000000000000000000000000000000000000000000000000000000595F225D-797529043                                                                                                                                                                                  "

- [OUTPUT] ft_printf("%-148.128d%00161.191u" ,215065970,3610766615u)
   expected: "00000000000000000000000000000000000000000000000000000000000000000000000000000000000000000000000000000000000000000000000215065970                    00000000000000000000000000000000000000000000000000000000000000000000000000000000000000000000000000000000000000000000000000000000000000000000000000000000000000000000000000000000000003610766615"
   actual:   "00000000000000000000000000000000000000000000000000000000000000000000000000000000000000000000000000000000000000000000000215065970                    000000000000000000000000000000000000000000000000000000000000000000000000000000000000000000000000000000000000000000000000000000000000000000000000000000000000000000000000000-684200681"

- [OUTPUT] ft_printf("%-189.X%000130.137d%092.60d" ,823761827u,-369802385,-444387222)
   expected: "31199BA3                                                                                                                                                                                     -00000000000000000000000000000000000000000000000000000000000000000000000000000000000000000000000000000000000000000000000000000000369802385                               -000000000000000000000000000000000000000000000000000444387222"
   actual:   "31199BA3                                                                                                                                                                                     -00000000000000000000000000000000000000000000000000000000000000000000000000000000000000000000000000000000000000000000000000000000369802385                                -000000000000000000000000000000000000000000000000000444387222"

- [OUTPUT] ft_printf("%0168.128u%0054.92x%30.171s" ,2620195206u,1771128939u,NULL)
   expected: "                                        000000000000000000000000000000000000000000000000000000000000000000000000000000000000000000000000000000000000000000000026201952060000000000000000000000000000000000000000000000000000000000000000000000000000000000006991486b                        (null)"
   actual:   "                                        000000000000000000000000000000000000000000000000000000000000000000000000000000000000000000000000000000000000-16747720900000000000000000000000000000000000000000000000000000000000000000000000000000000000006991486b                        (null)"

- [OUTPUT] ft_printf("%-106p%--%%---16.39i%-62.45s%032.34u" ,(void*)4820041568133212049lu,1496653732,"78iTF|2mbbziDh\n0^?Q0",3823859301u)
   expected: "0x42e43a44bf326791                                                                                        %00000000000000000000000000000149665373278iTF|2mbbziDh0^?Q0                                          0000000000000000000000003823859301\n"
   actual:   "0x42e43a44bf326791                                                                                        %00000000000000000000000000000149665373278iTF|2mbbziDh0^?Q0                                          00000000000000-471107995\n"

- [OUTPUT] ft_printf("%-%%0180.177d%--9.67X" ,-506067077,2568175332u)
   expected: "%  -0000000000000000000000000000000000000000000000000000000000000000000000000000000000000000000000000000000000000000000000000000000000000000000000000000000000000000000000005060670770000000000000000000000000000000000000000000000000000000000099133EE4"
   actual:   "%   -0000000000000000000000000000000000000000000000000000000000000000000000000000000000000000000000000000000000000000000000000000000000000000000000000000000000000000000000005060670770000000000000000000000000000000000000000000000000000000000099133EE4"

- [OUTPUT] ft_printf("%00083.93d%-55.41u%-53p%0184.141x%00095.8d" ,199982661,274355806u,(void*)5935165970550123490lu,84062795u,-1718426199)
   expected: "00000000000000000000000000000000000000000000000000000000000000000000000000000000000019998266100000000000000000000000000000000274355806              0x525df2011da06be2                                                                              00000000000000000000000000000000000000000000000000000000000000000000000000000000000000000000000000000000000000000000000000000000000000502b24b                                                                                    -1718426199"
   actual:   "00000000000000000000000000000000000000000000000000000000000000000000000000000000000019998266100000000000000000000000000000000274355806              0x525df2011da06be2                                                                              00000000000000000000000000000000000000000000000000000000000000000000000000000000000000000000000000000000000000000000000000000000000000502b24b                                                                                     -1718426199"

- [OUTPUT] ft_printf("%---26.93u%0048.24u%168p%---%%--%" ,1674006569u,2231710712u,(void*)8652210935049373690lu)
   expected: "000000000000000000000000000000000000000000000000000000000000000000000000000000000001674006569                        000000000000002231710712                                                                                                                                                      0x7812d401095e47fa%%"
   actual:   "000000000000000000000000000000000000000000000000000000000000000000000000000000000001674006569                        0000-2063256584                                                                                                                                                      0x7812d401095e47fa%%"

- [OUTPUT] ft_printf("%-85.11X%-164.72s%--95.140i%-140.1u" ,669769114u,"xKNSl>8b=|V<b",1218643716,3685229999u)
   expected: "00027EBDD9A                                                                          xKNSl>8b=|V<b                                                                                                                                                       000000000000000000000000000000000000000000000000000000000000000000000000000000000000000000000000000000000000000000000000000000000012186437163685229999                                                                                                                                  "
   actual:   "00027EBDD9A                                                                          xKNSl>8b=|V<b                                                                                                                                                       00000000000000000000000000000000000000000000000000000000000000000000000000000000000000000000000000000000000000000000000000000000001218643716-609737297                                                                                                                                  "

- [OUTPUT] ft_printf("%0199.116d%-10.132i%-184.98x%-186.60u" ,-1501266571,225545851,491710007u,1838412370u)
   expected: "                                                                                  -000000000000000000000000000000000000000000000000000000000000000000000000000000000000000000000000000000000015012665710000000000000000000000000000000000000000000000000000000000000000000000000000000000000000000000000000000000000000000000000002255458510000000000000000000000000000000000000000000000000000000000000000000000000000000000000000001d4ee637                                                                                      000000000000000000000000000000000000000000000000001838412370                                                                                                                              "
   actual:   "                                                                                   -000000000000000000000000000000000000000000000000000000000000000000000000000000000000000000000000000000000015012665710000000000000000000000000000000000000000000000000000000000000000000000000000000000000000000000000000000000000000000000000002255458510000000000000000000000000000000000000000000000000000000000000000000000000000000000000000001d4ee637                                                                                      000000000000000000000000000000000000000000000000001838412370                                                                                                                              "

